<?xml version="1.0" encoding="UTF-8"?>
<!-- Generated by org.testng.reporters.JUnitXMLReporter -->
<testsuite hostname="DESKTOP-JFIIDIB" name="Test on Chrome" tests="3" failures="0" timestamp="7 May 2020 22:26:16 GMT" time="30.511" errors="0">
  <testcase name="verifyAcessEmpty" time="3.82" classname="tests.OpenFirstTest"/>
  <testcase name="verifyAcessInvalid" time="4.006" classname="tests.OpenFirstTest"/>
  <testcase name="verifyAcessSuccessfully" time="4.268" classname="tests.OpenFirstTest"/>
</testsuite> <!-- Test on Chrome -->
