<?xml version="1.0" encoding="UTF-8"?>
<!-- Generated by org.testng.reporters.JUnitXMLReporter -->
<testsuite hostname="DESKTOP-JFIIDIB" name="Test on FireFox" tests="3" failures="0" timestamp="7 Jul 2020 01:27:35 GMT" time="29.745" errors="0">
  <testcase name="verifyAcessEmpty" time="5.355" classname="tests.TestLoginBank"/>
  <testcase name="verifyAcessInvalid" time="5.731" classname="tests.TestLoginBank"/>
  <testcase name="verifyAcessSuccessfully" time="7.218" classname="tests.TestLoginBank"/>
</testsuite> <!-- Test on FireFox -->
