<?xml version="1.0" encoding="UTF-8"?>
<!-- Generated by org.testng.reporters.JUnitXMLReporter -->
<testsuite hostname="DESKTOP-JFIIDIB" name="Test on Chrome" tests="3" failures="0" timestamp="8 May 2020 21:31:45 GMT" time="44.903" errors="0">
  <testcase name="verifyAcessEmpty" time="7.99" classname="tests.OpenFirstTest"/>
  <testcase name="verifyAcessInvalid" time="8.001" classname="tests.OpenFirstTest"/>
  <testcase name="verifyAcessSuccessfully" time="8.98" classname="tests.OpenFirstTest"/>
</testsuite> <!-- Test on Chrome -->
