<?xml version="1.0" encoding="UTF-8"?>
<!-- Generated by org.testng.reporters.JUnitXMLReporter -->
<testsuite hostname="DESKTOP-JFIIDIB" name="Test on IE" tests="3" failures="0" timestamp="8 May 2020 21:33:00 GMT" time="35.741" errors="0">
  <testcase name="verifyAcessEmpty" time="9.73" classname="tests.OpenFirstTest"/>
  <testcase name="verifyAcessInvalid" time="5.083" classname="tests.OpenFirstTest"/>
  <testcase name="verifyAcessSuccessfully" time="11.061" classname="tests.OpenFirstTest"/>
</testsuite> <!-- Test on IE -->
