<?xml version="1.0" encoding="UTF-8"?>
<!-- Generated by org.testng.reporters.JUnitXMLReporter -->
<testsuite hostname="DESKTOP-JFIIDIB" name="Test on FireFox" tests="3" failures="0" timestamp="7 May 2020 22:26:46 GMT" time="29.785" errors="0">
  <testcase name="verifyAcessEmpty" time="3.856" classname="tests.OpenFirstTest"/>
  <testcase name="verifyAcessInvalid" time="4.958" classname="tests.OpenFirstTest"/>
  <testcase name="verifyAcessSuccessfully" time="4.384" classname="tests.OpenFirstTest"/>
</testsuite> <!-- Test on FireFox -->
