<?xml version="1.0" encoding="UTF-8"?>
<!-- Generated by org.testng.reporters.JUnitXMLReporter -->
<testsuite hostname="DESKTOP-JFIIDIB" name="Test on IE" tests="3" failures="0" timestamp="7 Jul 2020 01:27:57 GMT" time="22.33" errors="0">
  <testcase name="verifyAcessEmpty" time="9.243" classname="tests.TestLoginBank"/>
  <testcase name="verifyAcessInvalid" time="4.879" classname="tests.TestLoginBank"/>
  <testcase name="verifyAcessSuccessfully" time="5.002" classname="tests.TestLoginBank"/>
</testsuite> <!-- Test on IE -->
