<?xml version="1.0" encoding="UTF-8"?>
<testsuite xmlns:xsi="http://www.w3.org/2001/XMLSchema-instance" xsi:noNamespaceSchemaLocation="https://maven.apache.org/surefire/maven-surefire-plugin/xsd/surefire-test-report.xsd" name="TestSuite" time="109.601" tests="9" errors="0" skipped="0" failures="0">
  <properties>
[...]
</properties>
  <testcase name="verifyAcessEmpty" classname="tests.TestLoginBank" time="7.42"/>
  <testcase name="verifyAcessEmpty" classname="tests.TestLoginBank" time="6.503"/>
  <testcase name="verifyAcessEmpty" classname="tests.TestLoginBank" time="9.111"/>
  <testcase name="verifyAcessInvalid" classname="tests.TestLoginBank" time="6.351"/>
  <testcase name="verifyAcessInvalid" classname="tests.TestLoginBank" time="8.029"/>
  <testcase name="verifyAcessInvalid" classname="tests.TestLoginBank" time="9.258"/>
  <testcase name="verifyAcessSuccessfully" classname="tests.TestLoginBank" time="7.803"/>
  <testcase name="verifyAcessSuccessfully" classname="tests.TestLoginBank" time="7.389"/>
  <testcase name="verifyAcessSuccessfully" classname="tests.TestLoginBank" time="4.808"/>
</testsuite>