<?xml version="1.0" encoding="UTF-8"?>
<testng-results total="9" passed="9" failed="0" skipped="0">
  <reporter-output>
  </reporter-output>
  <suite started-at="2020-07-10T01:58:04Z" name="LoginBank" finished-at="2020-07-10T01:59:53Z" duration-ms="108930">
    <groups>
    </groups>
    <test started-at="2020-07-10T01:58:04Z" name="Test on Chrome" finished-at="2020-07-10T01:58:44Z" duration-ms="40006">
      <class name="tests.TestLoginBank">
        <test-method is-config="true" signature="getDriver(java.lang.String)[pri:0, instance:tests.TestLoginBank@7770f470]" started-at="2020-07-09T22:58:04Z" name="getDriver" finished-at="2020-07-09T22:58:18Z" duration-ms="13981" status="PASS">
          <params>
            <param index="0">
              <value>
                <![CDATA[Chrome]]>
              </value>
            </param>
          </params>
          <reporter-output>
          </reporter-output>
        </test-method> <!-- getDriver -->
        <test-method is-config="true" signature="init()[pri:0, instance:tests.TestLoginBank@7770f470]" started-at="2020-07-09T22:58:18Z" name="init" finished-at="2020-07-09T22:58:18Z" duration-ms="20" status="PASS">
          <reporter-output>
          </reporter-output>
        </test-method> <!-- init -->
        <test-method signature="verifyAcessEmpty()[pri:0, instance:tests.TestLoginBank@7770f470]" started-at="2020-07-09T22:58:18Z" name="verifyAcessEmpty" finished-at="2020-07-09T22:58:26Z" duration-ms="7419" status="PASS">
          <reporter-output>
          </reporter-output>
        </test-method> <!-- verifyAcessEmpty -->
        <test-method signature="verifyAcessInvalid()[pri:0, instance:tests.TestLoginBank@7770f470]" started-at="2020-07-09T22:58:26Z" name="verifyAcessInvalid" finished-at="2020-07-09T22:58:32Z" duration-ms="6350" status="PASS">
          <reporter-output>
          </reporter-output>
        </test-method> <!-- verifyAcessInvalid -->
        <test-method signature="verifyAcessSuccessfully()[pri:0, instance:tests.TestLoginBank@7770f470]" started-at="2020-07-09T22:58:32Z" name="verifyAcessSuccessfully" finished-at="2020-07-09T22:58:40Z" duration-ms="7803" status="PASS">
          <reporter-output>
          </reporter-output>
        </test-method> <!-- verifyAcessSuccessfully -->
        <test-method is-config="true" signature="ClosedDriver()[pri:0, instance:tests.TestLoginBank@7770f470]" started-at="2020-07-09T22:58:40Z" name="ClosedDriver" finished-at="2020-07-09T22:58:44Z" duration-ms="4344" status="PASS">
          <reporter-output>
          </reporter-output>
        </test-method> <!-- ClosedDriver -->
      </class> <!-- tests.TestLoginBank -->
    </test> <!-- Test on Chrome -->
    <test started-at="2020-07-10T01:58:44Z" name="Test on FireFox" finished-at="2020-07-10T01:59:25Z" duration-ms="40471">
      <class name="tests.TestLoginBank">
        <test-method is-config="true" signature="getDriver(java.lang.String)[pri:0, instance:tests.TestLoginBank@291caca8]" started-at="2020-07-09T22:58:44Z" name="getDriver" finished-at="2020-07-09T22:58:59Z" duration-ms="14095" status="PASS">
          <params>
            <param index="0">
              <value>
                <![CDATA[Fire fox]]>
              </value>
            </param>
          </params>
          <reporter-output>
          </reporter-output>
        </test-method> <!-- getDriver -->
        <test-method is-config="true" signature="init()[pri:0, instance:tests.TestLoginBank@291caca8]" started-at="2020-07-09T22:58:59Z" name="init" finished-at="2020-07-09T22:58:59Z" duration-ms="1" status="PASS">
          <reporter-output>
          </reporter-output>
        </test-method> <!-- init -->
        <test-method signature="verifyAcessEmpty()[pri:0, instance:tests.TestLoginBank@291caca8]" started-at="2020-07-09T22:58:59Z" name="verifyAcessEmpty" finished-at="2020-07-09T22:59:05Z" duration-ms="6503" status="PASS">
          <reporter-output>
          </reporter-output>
        </test-method> <!-- verifyAcessEmpty -->
        <test-method signature="verifyAcessInvalid()[pri:0, instance:tests.TestLoginBank@291caca8]" started-at="2020-07-09T22:59:05Z" name="verifyAcessInvalid" finished-at="2020-07-09T22:59:13Z" duration-ms="8030" status="PASS">
          <reporter-output>
          </reporter-output>
        </test-method> <!-- verifyAcessInvalid -->
        <test-method signature="verifyAcessSuccessfully()[pri:0, instance:tests.TestLoginBank@291caca8]" started-at="2020-07-09T22:59:13Z" name="verifyAcessSuccessfully" finished-at="2020-07-09T22:59:21Z" duration-ms="7390" status="PASS">
          <reporter-output>
          </reporter-output>
        </test-method> <!-- verifyAcessSuccessfully -->
        <test-method is-config="true" signature="ClosedDriver()[pri:0, instance:tests.TestLoginBank@291caca8]" started-at="2020-07-09T22:59:21Z" name="ClosedDriver" finished-at="2020-07-09T22:59:25Z" duration-ms="4447" status="PASS">
          <reporter-output>
          </reporter-output>
        </test-method> <!-- ClosedDriver -->
      </class> <!-- tests.TestLoginBank -->
    </test> <!-- Test on FireFox -->
    <test started-at="2020-07-10T01:59:25Z" name="Test on IE" finished-at="2020-07-10T01:59:53Z" duration-ms="28367">
      <class name="tests.TestLoginBank">
        <test-method is-config="true" signature="getDriver(java.lang.String)[pri:0, instance:tests.TestLoginBank@7ee8290b]" started-at="2020-07-09T22:59:25Z" name="getDriver" finished-at="2020-07-09T22:59:30Z" duration-ms="5070" status="PASS">
          <params>
            <param index="0">
              <value>
                <![CDATA[InternetExplore]]>
              </value>
            </param>
          </params>
          <reporter-output>
          </reporter-output>
        </test-method> <!-- getDriver -->
        <test-method is-config="true" signature="init()[pri:0, instance:tests.TestLoginBank@7ee8290b]" started-at="2020-07-09T22:59:30Z" name="init" finished-at="2020-07-09T22:59:30Z" duration-ms="1" status="PASS">
          <reporter-output>
          </reporter-output>
        </test-method> <!-- init -->
        <test-method signature="verifyAcessEmpty()[pri:0, instance:tests.TestLoginBank@7ee8290b]" started-at="2020-07-09T22:59:30Z" name="verifyAcessEmpty" finished-at="2020-07-09T22:59:39Z" duration-ms="9111" status="PASS">
          <reporter-output>
          </reporter-output>
        </test-method> <!-- verifyAcessEmpty -->
        <test-method signature="verifyAcessInvalid()[pri:0, instance:tests.TestLoginBank@7ee8290b]" started-at="2020-07-09T22:59:39Z" name="verifyAcessInvalid" finished-at="2020-07-09T22:59:48Z" duration-ms="9258" status="PASS">
          <reporter-output>
          </reporter-output>
        </test-method> <!-- verifyAcessInvalid -->
        <test-method signature="verifyAcessSuccessfully()[pri:0, instance:tests.TestLoginBank@7ee8290b]" started-at="2020-07-09T22:59:48Z" name="verifyAcessSuccessfully" finished-at="2020-07-09T22:59:53Z" duration-ms="4808" status="PASS">
          <reporter-output>
          </reporter-output>
        </test-method> <!-- verifyAcessSuccessfully -->
        <test-method is-config="true" signature="ClosedDriver()[pri:0, instance:tests.TestLoginBank@7ee8290b]" started-at="2020-07-09T22:59:53Z" name="ClosedDriver" finished-at="2020-07-09T22:59:53Z" duration-ms="115" status="PASS">
          <reporter-output>
          </reporter-output>
        </test-method> <!-- ClosedDriver -->
        <test-method is-config="true" signature="TestReport()[pri:0, instance:tests.TestLoginBank@7ee8290b]" started-at="2020-07-09T22:59:53Z" name="TestReport" finished-at="2020-07-09T22:59:53Z" duration-ms="3" status="PASS">
          <reporter-output>
          </reporter-output>
        </test-method> <!-- TestReport -->
      </class> <!-- tests.TestLoginBank -->
    </test> <!-- Test on IE -->
  </suite> <!-- LoginBank -->
</testng-results>
