<?xml version="1.0" encoding="UTF-8"?>
<!-- Generated by org.testng.reporters.JUnitXMLReporter -->
<testsuite hostname="DESKTOP-JFIIDIB" name="Test on FireFox" tests="3" failures="0" timestamp="10 Jul 2020 01:55:58 GMT" time="27.923" errors="0">
  <testcase name="verifyAcessEmpty" time="3.58" classname="tests.TestLoginBank"/>
  <testcase name="verifyAcessInvalid" time="4.221" classname="tests.TestLoginBank"/>
  <testcase name="verifyAcessSuccessfully" time="4.912" classname="tests.TestLoginBank"/>
</testsuite> <!-- Test on FireFox -->
