<?xml version="1.0" encoding="UTF-8"?>
<!-- Generated by org.testng.reporters.JUnitXMLReporter -->
<testsuite hostname="DESKTOP-JFIIDIB" name="Test on Chrome" tests="3" failures="0" timestamp="10 Jul 2020 01:55:30 GMT" time="31.367" errors="0">
  <testcase name="verifyAcessEmpty" time="3.667" classname="tests.TestLoginBank"/>
  <testcase name="verifyAcessInvalid" time="3.606" classname="tests.TestLoginBank"/>
  <testcase name="verifyAcessSuccessfully" time="4.953" classname="tests.TestLoginBank"/>
</testsuite> <!-- Test on Chrome -->
