<?xml version="1.0" encoding="UTF-8"?>
<testng-results skipped="0" failed="0" total="9" passed="9">
  <reporter-output>
  </reporter-output>
  <suite name="Example test run" duration-ms="119568" started-at="2020-05-08T21:31:00Z" finished-at="2020-05-08T21:33:00Z">
    <groups>
    </groups>
    <test name="Test on Chrome" duration-ms="44903" started-at="2020-05-08T21:31:00Z" finished-at="2020-05-08T21:31:45Z">
      <class name="tests.OpenFirstTest">
        <test-method status="PASS" signature="OpenDriver(java.lang.String)[pri:0, instance:tests.OpenFirstTest@1b604f19]" name="OpenDriver" is-config="true" duration-ms="15578" started-at="2020-05-08T18:31:00Z" finished-at="2020-05-08T18:31:16Z">
          <params>
            <param index="0">
              <value>
                <![CDATA[Chrome]]>
              </value>
            </param>
          </params>
          <reporter-output>
          </reporter-output>
        </test-method> <!-- OpenDriver -->
        <test-method status="PASS" signature="init()[pri:0, instance:tests.OpenFirstTest@1b604f19]" name="init" is-config="true" duration-ms="19" started-at="2020-05-08T18:31:16Z" finished-at="2020-05-08T18:31:16Z">
          <reporter-output>
          </reporter-output>
        </test-method> <!-- init -->
        <test-method status="PASS" signature="verifyAcessEmpty()[pri:0, instance:tests.OpenFirstTest@1b604f19]" name="verifyAcessEmpty" duration-ms="7990" started-at="2020-05-08T18:31:16Z" finished-at="2020-05-08T18:31:24Z">
          <reporter-output>
          </reporter-output>
        </test-method> <!-- verifyAcessEmpty -->
        <test-method status="PASS" signature="verifyAcessInvalid()[pri:0, instance:tests.OpenFirstTest@1b604f19]" name="verifyAcessInvalid" duration-ms="8001" started-at="2020-05-08T18:31:24Z" finished-at="2020-05-08T18:31:32Z">
          <reporter-output>
          </reporter-output>
        </test-method> <!-- verifyAcessInvalid -->
        <test-method status="PASS" signature="verifyAcessSuccessfully()[pri:0, instance:tests.OpenFirstTest@1b604f19]" name="verifyAcessSuccessfully" duration-ms="8980" started-at="2020-05-08T18:31:32Z" finished-at="2020-05-08T18:31:41Z">
          <reporter-output>
          </reporter-output>
        </test-method> <!-- verifyAcessSuccessfully -->
        <test-method status="PASS" signature="AfterMethod()[pri:0, instance:tests.OpenFirstTest@1b604f19]" name="AfterMethod" is-config="true" duration-ms="4319" started-at="2020-05-08T18:31:41Z" finished-at="2020-05-08T18:31:45Z">
          <reporter-output>
          </reporter-output>
        </test-method> <!-- AfterMethod -->
      </class> <!-- tests.OpenFirstTest -->
    </test> <!-- Test on Chrome -->
    <test name="Test on FireFox" duration-ms="38896" started-at="2020-05-08T21:31:45Z" finished-at="2020-05-08T21:32:24Z">
      <class name="tests.OpenFirstTest">
        <test-method status="PASS" signature="OpenDriver(java.lang.String)[pri:0, instance:tests.OpenFirstTest@77caeb3e]" name="OpenDriver" is-config="true" duration-ms="11057" started-at="2020-05-08T18:31:45Z" finished-at="2020-05-08T18:31:56Z">
          <params>
            <param index="0">
              <value>
                <![CDATA[Fire fox]]>
              </value>
            </param>
          </params>
          <reporter-output>
          </reporter-output>
        </test-method> <!-- OpenDriver -->
        <test-method status="PASS" signature="init()[pri:0, instance:tests.OpenFirstTest@77caeb3e]" name="init" is-config="true" duration-ms="1" started-at="2020-05-08T18:31:56Z" finished-at="2020-05-08T18:31:56Z">
          <reporter-output>
          </reporter-output>
        </test-method> <!-- init -->
        <test-method status="PASS" signature="verifyAcessEmpty()[pri:0, instance:tests.OpenFirstTest@77caeb3e]" name="verifyAcessEmpty" duration-ms="7802" started-at="2020-05-08T18:31:56Z" finished-at="2020-05-08T18:32:04Z">
          <reporter-output>
          </reporter-output>
        </test-method> <!-- verifyAcessEmpty -->
        <test-method status="PASS" signature="verifyAcessInvalid()[pri:0, instance:tests.OpenFirstTest@77caeb3e]" name="verifyAcessInvalid" duration-ms="8208" started-at="2020-05-08T18:32:04Z" finished-at="2020-05-08T18:32:12Z">
          <reporter-output>
          </reporter-output>
        </test-method> <!-- verifyAcessInvalid -->
        <test-method status="PASS" signature="verifyAcessSuccessfully()[pri:0, instance:tests.OpenFirstTest@77caeb3e]" name="verifyAcessSuccessfully" duration-ms="8854" started-at="2020-05-08T18:32:12Z" finished-at="2020-05-08T18:32:21Z">
          <reporter-output>
          </reporter-output>
        </test-method> <!-- verifyAcessSuccessfully -->
        <test-method status="PASS" signature="AfterMethod()[pri:0, instance:tests.OpenFirstTest@77caeb3e]" name="AfterMethod" is-config="true" duration-ms="2970" started-at="2020-05-08T18:32:21Z" finished-at="2020-05-08T18:32:24Z">
          <reporter-output>
          </reporter-output>
        </test-method> <!-- AfterMethod -->
      </class> <!-- tests.OpenFirstTest -->
    </test> <!-- Test on FireFox -->
    <test name="Test on IE" duration-ms="35741" started-at="2020-05-08T21:32:24Z" finished-at="2020-05-08T21:33:00Z">
      <class name="tests.OpenFirstTest">
        <test-method status="PASS" signature="OpenDriver(java.lang.String)[pri:0, instance:tests.OpenFirstTest@91161c7]" name="OpenDriver" is-config="true" duration-ms="9749" started-at="2020-05-08T18:32:24Z" finished-at="2020-05-08T18:32:34Z">
          <params>
            <param index="0">
              <value>
                <![CDATA[InternetExplore]]>
              </value>
            </param>
          </params>
          <reporter-output>
          </reporter-output>
        </test-method> <!-- OpenDriver -->
        <test-method status="PASS" signature="verifyAcessEmpty()[pri:0, instance:tests.OpenFirstTest@91161c7]" name="verifyAcessEmpty" duration-ms="9730" started-at="2020-05-08T18:32:34Z" finished-at="2020-05-08T18:32:44Z">
          <reporter-output>
          </reporter-output>
        </test-method> <!-- verifyAcessEmpty -->
        <test-method status="PASS" signature="init()[pri:0, instance:tests.OpenFirstTest@91161c7]" name="init" is-config="true" duration-ms="0" started-at="2020-05-08T18:32:34Z" finished-at="2020-05-08T18:32:34Z">
          <reporter-output>
          </reporter-output>
        </test-method> <!-- init -->
        <test-method status="PASS" signature="verifyAcessInvalid()[pri:0, instance:tests.OpenFirstTest@91161c7]" name="verifyAcessInvalid" duration-ms="5083" started-at="2020-05-08T18:32:44Z" finished-at="2020-05-08T18:32:49Z">
          <reporter-output>
          </reporter-output>
        </test-method> <!-- verifyAcessInvalid -->
        <test-method status="PASS" signature="verifyAcessSuccessfully()[pri:0, instance:tests.OpenFirstTest@91161c7]" name="verifyAcessSuccessfully" duration-ms="11061" started-at="2020-05-08T18:32:49Z" finished-at="2020-05-08T18:33:00Z">
          <reporter-output>
          </reporter-output>
        </test-method> <!-- verifyAcessSuccessfully -->
        <test-method status="PASS" signature="AfterMethod()[pri:0, instance:tests.OpenFirstTest@91161c7]" name="AfterMethod" is-config="true" duration-ms="118" started-at="2020-05-08T18:33:00Z" finished-at="2020-05-08T18:33:00Z">
          <reporter-output>
          </reporter-output>
        </test-method> <!-- AfterMethod -->
      </class> <!-- tests.OpenFirstTest -->
    </test> <!-- Test on IE -->
  </suite> <!-- Example test run -->
</testng-results>
