<?xml version="1.0" encoding="UTF-8"?>
<testng-results skipped="0" failed="0" total="9" passed="9">
  <reporter-output>
  </reporter-output>
  <suite name="Example test run" duration-ms="89678" started-at="2020-07-07T01:26:28Z" finished-at="2020-07-07T01:27:57Z">
    <groups>
    </groups>
    <test name="Test on Chrome" duration-ms="37579" started-at="2020-07-07T01:26:28Z" finished-at="2020-07-07T01:27:05Z">
      <class name="tests.TestLoginBank">
        <test-method status="PASS" signature="getDriver(java.lang.String)[pri:0, instance:tests.TestLoginBank@1b604f19]" name="getDriver" is-config="true" duration-ms="12604" started-at="2020-07-06T22:26:28Z" finished-at="2020-07-06T22:26:40Z">
          <params>
            <param index="0">
              <value>
                <![CDATA[Chrome]]>
              </value>
            </param>
          </params>
          <reporter-output>
          </reporter-output>
        </test-method> <!-- getDriver -->
        <test-method status="PASS" signature="init()[pri:0, instance:tests.TestLoginBank@1b604f19]" name="init" is-config="true" duration-ms="18" started-at="2020-07-06T22:26:40Z" finished-at="2020-07-06T22:26:40Z">
          <reporter-output>
          </reporter-output>
        </test-method> <!-- init -->
        <test-method status="PASS" signature="verifyAcessEmpty()[pri:0, instance:tests.TestLoginBank@1b604f19]" name="verifyAcessEmpty" duration-ms="5035" started-at="2020-07-06T22:26:40Z" finished-at="2020-07-06T22:26:45Z">
          <reporter-output>
          </reporter-output>
        </test-method> <!-- verifyAcessEmpty -->
        <test-method status="PASS" signature="verifyAcessInvalid()[pri:0, instance:tests.TestLoginBank@1b604f19]" name="verifyAcessInvalid" duration-ms="7375" started-at="2020-07-06T22:26:45Z" finished-at="2020-07-06T22:26:53Z">
          <reporter-output>
          </reporter-output>
        </test-method> <!-- verifyAcessInvalid -->
        <test-method status="PASS" signature="verifyAcessSuccessfully()[pri:0, instance:tests.TestLoginBank@1b604f19]" name="verifyAcessSuccessfully" duration-ms="8222" started-at="2020-07-06T22:26:53Z" finished-at="2020-07-06T22:27:01Z">
          <reporter-output>
          </reporter-output>
        </test-method> <!-- verifyAcessSuccessfully -->
        <test-method status="PASS" signature="ClosedDriver()[pri:0, instance:tests.TestLoginBank@1b604f19]" name="ClosedDriver" is-config="true" duration-ms="4312" started-at="2020-07-06T22:27:01Z" finished-at="2020-07-06T22:27:05Z">
          <reporter-output>
          </reporter-output>
        </test-method> <!-- ClosedDriver -->
      </class> <!-- tests.TestLoginBank -->
    </test> <!-- Test on Chrome -->
    <test name="Test on FireFox" duration-ms="29745" started-at="2020-07-07T01:27:05Z" finished-at="2020-07-07T01:27:35Z">
      <class name="tests.TestLoginBank">
        <test-method status="PASS" signature="getDriver(java.lang.String)[pri:0, instance:tests.TestLoginBank@1e88b3c]" name="getDriver" is-config="true" duration-ms="8486" started-at="2020-07-06T22:27:05Z" finished-at="2020-07-06T22:27:14Z">
          <params>
            <param index="0">
              <value>
                <![CDATA[Fire fox]]>
              </value>
            </param>
          </params>
          <reporter-output>
          </reporter-output>
        </test-method> <!-- getDriver -->
        <test-method status="PASS" signature="init()[pri:0, instance:tests.TestLoginBank@1e88b3c]" name="init" is-config="true" duration-ms="1" started-at="2020-07-06T22:27:14Z" finished-at="2020-07-06T22:27:14Z">
          <reporter-output>
          </reporter-output>
        </test-method> <!-- init -->
        <test-method status="PASS" signature="verifyAcessEmpty()[pri:0, instance:tests.TestLoginBank@1e88b3c]" name="verifyAcessEmpty" duration-ms="5355" started-at="2020-07-06T22:27:14Z" finished-at="2020-07-06T22:27:19Z">
          <reporter-output>
          </reporter-output>
        </test-method> <!-- verifyAcessEmpty -->
        <test-method status="PASS" signature="verifyAcessInvalid()[pri:0, instance:tests.TestLoginBank@1e88b3c]" name="verifyAcessInvalid" duration-ms="5731" started-at="2020-07-06T22:27:19Z" finished-at="2020-07-06T22:27:25Z">
          <reporter-output>
          </reporter-output>
        </test-method> <!-- verifyAcessInvalid -->
        <test-method status="PASS" signature="verifyAcessSuccessfully()[pri:0, instance:tests.TestLoginBank@1e88b3c]" name="verifyAcessSuccessfully" duration-ms="7218" started-at="2020-07-06T22:27:25Z" finished-at="2020-07-06T22:27:32Z">
          <reporter-output>
          </reporter-output>
        </test-method> <!-- verifyAcessSuccessfully -->
        <test-method status="PASS" signature="ClosedDriver()[pri:0, instance:tests.TestLoginBank@1e88b3c]" name="ClosedDriver" is-config="true" duration-ms="2950" started-at="2020-07-06T22:27:32Z" finished-at="2020-07-06T22:27:35Z">
          <reporter-output>
          </reporter-output>
        </test-method> <!-- ClosedDriver -->
      </class> <!-- tests.TestLoginBank -->
    </test> <!-- Test on FireFox -->
    <test name="Test on IE" duration-ms="22330" started-at="2020-07-07T01:27:35Z" finished-at="2020-07-07T01:27:57Z">
      <class name="tests.TestLoginBank">
        <test-method status="PASS" signature="getDriver(java.lang.String)[pri:0, instance:tests.TestLoginBank@604ed9f0]" name="getDriver" is-config="true" duration-ms="3190" started-at="2020-07-06T22:27:35Z" finished-at="2020-07-06T22:27:38Z">
          <params>
            <param index="0">
              <value>
                <![CDATA[InternetExplore]]>
              </value>
            </param>
          </params>
          <reporter-output>
          </reporter-output>
        </test-method> <!-- getDriver -->
        <test-method status="PASS" signature="verifyAcessEmpty()[pri:0, instance:tests.TestLoginBank@604ed9f0]" name="verifyAcessEmpty" duration-ms="9243" started-at="2020-07-06T22:27:38Z" finished-at="2020-07-06T22:27:47Z">
          <reporter-output>
          </reporter-output>
        </test-method> <!-- verifyAcessEmpty -->
        <test-method status="PASS" signature="init()[pri:0, instance:tests.TestLoginBank@604ed9f0]" name="init" is-config="true" duration-ms="0" started-at="2020-07-06T22:27:38Z" finished-at="2020-07-06T22:27:38Z">
          <reporter-output>
          </reporter-output>
        </test-method> <!-- init -->
        <test-method status="PASS" signature="verifyAcessInvalid()[pri:0, instance:tests.TestLoginBank@604ed9f0]" name="verifyAcessInvalid" duration-ms="4879" started-at="2020-07-06T22:27:47Z" finished-at="2020-07-06T22:27:52Z">
          <reporter-output>
          </reporter-output>
        </test-method> <!-- verifyAcessInvalid -->
        <test-method status="PASS" signature="verifyAcessSuccessfully()[pri:0, instance:tests.TestLoginBank@604ed9f0]" name="verifyAcessSuccessfully" duration-ms="5002" started-at="2020-07-06T22:27:52Z" finished-at="2020-07-06T22:27:57Z">
          <reporter-output>
          </reporter-output>
        </test-method> <!-- verifyAcessSuccessfully -->
        <test-method status="PASS" signature="ClosedDriver()[pri:0, instance:tests.TestLoginBank@604ed9f0]" name="ClosedDriver" is-config="true" duration-ms="14" started-at="2020-07-06T22:27:57Z" finished-at="2020-07-06T22:27:57Z">
          <reporter-output>
          </reporter-output>
        </test-method> <!-- ClosedDriver -->
        <test-method status="PASS" signature="TestReport()[pri:0, instance:tests.TestLoginBank@604ed9f0]" name="TestReport" is-config="true" duration-ms="0" started-at="2020-07-06T22:27:57Z" finished-at="2020-07-06T22:27:57Z">
          <reporter-output>
          </reporter-output>
        </test-method> <!-- TestReport -->
      </class> <!-- tests.TestLoginBank -->
    </test> <!-- Test on IE -->
  </suite> <!-- Example test run -->
</testng-results>
