<?xml version="1.0" encoding="UTF-8"?>
<testng-results skipped="0" failed="0" total="3" passed="3">
  <reporter-output>
  </reporter-output>
  <suite name="Example test run" duration-ms="37522" started-at="2020-05-07T12:39:13Z" finished-at="2020-05-07T12:39:50Z">
    <groups>
    </groups>
    <test name="Test on Chrome" duration-ms="15225" started-at="2020-05-07T12:39:13Z" finished-at="2020-05-07T12:39:28Z">
      <class name="tests.OpenFirstTest">
        <test-method status="PASS" signature="getDriver(java.lang.String)[pri:0, instance:tests.OpenFirstTest@1593948d]" name="getDriver" is-config="true" duration-ms="12771" started-at="2020-05-07T09:39:13Z" finished-at="2020-05-07T09:39:25Z">
          <params>
            <param index="0">
              <value>
                <![CDATA[Chrome]]>
              </value>
            </param>
          </params>
          <reporter-output>
          </reporter-output>
        </test-method> <!-- getDriver -->
        <test-method status="PASS" signature="BeforeClass()[pri:0, instance:tests.OpenFirstTest@1593948d]" name="BeforeClass" is-config="true" duration-ms="6" started-at="2020-05-07T09:39:25Z" finished-at="2020-05-07T09:39:25Z">
          <reporter-output>
          </reporter-output>
        </test-method> <!-- BeforeClass -->
        <test-method status="PASS" signature="verifyAcessSuccessfully()[pri:0, instance:tests.OpenFirstTest@1593948d]" name="verifyAcessSuccessfully" duration-ms="2440" started-at="2020-05-07T09:39:25Z" finished-at="2020-05-07T09:39:28Z">
          <reporter-output>
          </reporter-output>
        </test-method> <!-- verifyAcessSuccessfully -->
      </class> <!-- tests.OpenFirstTest -->
    </test> <!-- Test on Chrome -->
    <test name="Test on FireFox" duration-ms="16704" started-at="2020-05-07T12:39:28Z" finished-at="2020-05-07T12:39:45Z">
      <class name="tests.OpenFirstTest">
        <test-method status="PASS" signature="getDriver(java.lang.String)[pri:0, instance:tests.OpenFirstTest@77caeb3e]" name="getDriver" is-config="true" duration-ms="10681" started-at="2020-05-07T09:39:28Z" finished-at="2020-05-07T09:39:39Z">
          <params>
            <param index="0">
              <value>
                <![CDATA[Fire fox]]>
              </value>
            </param>
          </params>
          <reporter-output>
          </reporter-output>
        </test-method> <!-- getDriver -->
        <test-method status="PASS" signature="BeforeClass()[pri:0, instance:tests.OpenFirstTest@77caeb3e]" name="BeforeClass" is-config="true" duration-ms="1" started-at="2020-05-07T09:39:39Z" finished-at="2020-05-07T09:39:39Z">
          <reporter-output>
          </reporter-output>
        </test-method> <!-- BeforeClass -->
        <test-method status="PASS" signature="verifyAcessSuccessfully()[pri:0, instance:tests.OpenFirstTest@77caeb3e]" name="verifyAcessSuccessfully" duration-ms="6019" started-at="2020-05-07T09:39:39Z" finished-at="2020-05-07T09:39:45Z">
          <reporter-output>
          </reporter-output>
        </test-method> <!-- verifyAcessSuccessfully -->
      </class> <!-- tests.OpenFirstTest -->
    </test> <!-- Test on FireFox -->
    <test name="Test on IE" duration-ms="5550" started-at="2020-05-07T12:39:45Z" finished-at="2020-05-07T12:39:50Z">
      <class name="tests.OpenFirstTest">
        <test-method status="PASS" signature="getDriver(java.lang.String)[pri:0, instance:tests.OpenFirstTest@91161c7]" name="getDriver" is-config="true" duration-ms="3585" started-at="2020-05-07T09:39:45Z" finished-at="2020-05-07T09:39:48Z">
          <params>
            <param index="0">
              <value>
                <![CDATA[InternetExplore]]>
              </value>
            </param>
          </params>
          <reporter-output>
          </reporter-output>
        </test-method> <!-- getDriver -->
        <test-method status="PASS" signature="BeforeClass()[pri:0, instance:tests.OpenFirstTest@91161c7]" name="BeforeClass" is-config="true" duration-ms="0" started-at="2020-05-07T09:39:48Z" finished-at="2020-05-07T09:39:48Z">
          <reporter-output>
          </reporter-output>
        </test-method> <!-- BeforeClass -->
        <test-method status="PASS" signature="verifyAcessSuccessfully()[pri:0, instance:tests.OpenFirstTest@91161c7]" name="verifyAcessSuccessfully" duration-ms="1964" started-at="2020-05-07T09:39:48Z" finished-at="2020-05-07T09:39:50Z">
          <reporter-output>
          </reporter-output>
        </test-method> <!-- verifyAcessSuccessfully -->
        <test-method status="PASS" signature="AfterMethod()[pri:0, instance:tests.OpenFirstTest@91161c7]" name="AfterMethod" is-config="true" duration-ms="15" started-at="2020-05-07T09:39:50Z" finished-at="2020-05-07T09:39:50Z">
          <reporter-output>
          </reporter-output>
        </test-method> <!-- AfterMethod -->
      </class> <!-- tests.OpenFirstTest -->
    </test> <!-- Test on IE -->
  </suite> <!-- Example test run -->
</testng-results>
