<?xml version="1.0" encoding="UTF-8"?>
<!-- Generated by org.testng.reporters.JUnitXMLReporter -->
<testsuite hostname="DESKTOP-JFIIDIB" failures="0" tests="3" name="Test on FireFox" time="40.471" errors="0" timestamp="10 Jul 2020 01:59:25 GMT">
  <testcase classname="tests.TestLoginBank" name="verifyAcessEmpty" time="6.503"/>
  <testcase classname="tests.TestLoginBank" name="verifyAcessInvalid" time="8.03"/>
  <testcase classname="tests.TestLoginBank" name="verifyAcessSuccessfully" time="7.39"/>
</testsuite> <!-- Test on FireFox -->
