<?xml version="1.0" encoding="UTF-8"?>
<!-- Generated by org.testng.reporters.JUnitXMLReporter -->
<testsuite hostname="DESKTOP-JFIIDIB" failures="0" tests="3" name="Test on IE" time="28.367" errors="0" timestamp="10 Jul 2020 01:59:53 GMT">
  <testcase classname="tests.TestLoginBank" name="verifyAcessEmpty" time="9.111"/>
  <testcase classname="tests.TestLoginBank" name="verifyAcessInvalid" time="9.258"/>
  <testcase classname="tests.TestLoginBank" name="verifyAcessSuccessfully" time="4.808"/>
</testsuite> <!-- Test on IE -->
