<?xml version="1.0" encoding="UTF-8"?>
<!-- Generated by org.testng.reporters.JUnitXMLReporter -->
<testsuite hostname="DESKTOP-JFIIDIB" failures="0" tests="3" name="Test on Chrome" time="40.006" errors="0" timestamp="10 Jul 2020 01:58:44 GMT">
  <testcase classname="tests.TestLoginBank" name="verifyAcessEmpty" time="7.419"/>
  <testcase classname="tests.TestLoginBank" name="verifyAcessInvalid" time="6.35"/>
  <testcase classname="tests.TestLoginBank" name="verifyAcessSuccessfully" time="7.803"/>
</testsuite> <!-- Test on Chrome -->
